<testsuites name="jest tests" tests="6" failures="6" time="2.057">
  <testsuite name="undefined" errors="0" failures="6" skipped="0" timestamp="2020-03-03T22:07:06" time="2.057" tests="6">
    <testcase classname=" Renders all columns with heading" name=" Renders all columns with heading" time="0.082">
      <failure>Error: Unable to find an element by: [data-testid=&quot;stage-0&quot;]

&lt;body&gt;
  &lt;div&gt;
    &lt;div
      class=&quot;App&quot;
    &gt;
      &lt;h1&gt;
        Kanban board
      &lt;/h1&gt;
      &lt;div
        style=&quot;display: flex;&quot;
      &gt;
        &lt;div
          class=&quot;bp3-card bp3-elevation-0&quot;
        &gt;
          &lt;div
            data-testid=&quot;task-stage-0&quot;
          &gt;
            &lt;div
              class=&quot;bp3-collapse&quot;
            &gt;
              &lt;div
                aria-hidden=&quot;false&quot;
                class=&quot;bp3-collapse-body&quot;
              /&gt;
            &lt;/div&gt;
            Backlog
            &lt;div
              class=&quot;bp3-card bp3-elevation-0&quot;
            &gt;
              &lt;div
                data-testid=&quot;task-Task-1&quot;
              &gt;
                Task 1
              &lt;/div&gt;
            &lt;/div&gt;
            &lt;div
              class=&quot;bp3-card bp3-elevation-0&quot;
            &gt;
              &lt;div
                data-testid=&quot;task-Task-2&quot;
              &gt;
                Task 2
              &lt;/div&gt;
            &lt;/div&gt;
            &lt;div
              class=&quot;bp3-collapse&quot;
            &gt;
              &lt;div
                aria-hidden=&quot;false&quot;
                class=&quot;bp3-collapse-body&quot;
              /&gt;
            &lt;/div&gt;
            &lt;div
              class=&quot;bp3-collapse&quot;
              style=&quot;height: auto; overflow-y: visible;&quot;
            &gt;
              &lt;div
                aria-hidden=&quot;false&quot;
                class=&quot;bp3-collapse-body&quot;
              &gt;
                &lt;button
                  class=&quot;bp3-button&quot;
                  data-testid=&quot;stage-0-add-button&quot;
                  type=&quot;button&quot;
                &gt;
                  &lt;span
                    class=&quot;bp3-button-text&quot;
                  &gt;
                    Add Task
                  &lt;/span&gt;
                &lt;/button&gt;
              &lt;/div&gt;
            &lt;/div&gt;
          &lt;/div&gt;
        &lt;/div&gt;
        &lt;div
          class=&quot;bp3-card bp3-elevation-0&quot;
        &gt;
          &lt;div
            data-testid=&quot;task-stage-1&quot;
          &gt;
            &lt;div
              class=&quot;bp3-collapse&quot;
            &gt;
              &lt;div
                aria-hidden=&quot;false&quot;
                class=&quot;bp3-collapse-body&quot;
              /&gt;
            &lt;/div&gt;
            To Do
            &lt;div
              class=&quot;bp3-card bp3-elevation-0&quot;
            &gt;
              &lt;div
                data-testid=&quot;task-Task-3&quot;
              &gt;
                Task 3
              &lt;/div&gt;
            &lt;/div&gt;
            &lt;div
              class=&quot;bp3-collapse&quot;
            &gt;
              &lt;div
                aria-hidden=&quot;false&quot;
                class=&quot;bp3-collapse-body&quot;
              /&gt;
            &lt;/div&gt;
            &lt;div
              class=&quot;bp3-collapse&quot;
              style=&quot;height: auto; overflow-y: visible;&quot;
            &gt;
              &lt;div
                aria-hidden=&quot;false&quot;
                class=&quot;bp3-collapse-body&quot;
              &gt;
                &lt;button
                  class=&quot;bp3-button&quot;
                  data-testid=&quot;stage-1-add-button&quot;
                  type=&quot;button&quot;
                &gt;
                  &lt;span
                    class=&quot;bp3-button-text&quot;
                  &gt;
                    Add Task
                  &lt;/span&gt;
                &lt;/button&gt;
              &lt;/div&gt;
            &lt;/div&gt;
          &lt;/div&gt;
        &lt;/div&gt;
        &lt;div
          class=&quot;bp3-card bp3-elevation-0&quot;
        &gt;
          &lt;div
            data-testid=&quot;task-stage-2&quot;
          &gt;
            &lt;div
              class=&quot;bp3-collapse&quot;
            &gt;
              &lt;div
                aria-hidden=&quot;false&quot;
                class=&quot;bp3-collapse-body&quot;
              /&gt;
            &lt;/div&gt;
            Ongoing
            &lt;div
              class=&quot;bp3-card bp3-elevation-0&quot;
            &gt;
              &lt;div
                data-testid=&quot;task-Task-4&quot;
              &gt;
                Task 4
              &lt;/div&gt;
            &lt;/div&gt;
            &lt;div
              class=&quot;bp3-collapse&quot;
            &gt;
              &lt;div
                aria-hidden=&quot;false&quot;
                class=&quot;bp3-collapse-body&quot;
              /&gt;
            &lt;/div&gt;
            &lt;div
              class=&quot;bp3-collapse&quot;
              style=&quot;height: auto; overflow-y: visible;&quot;
            &gt;
              &lt;div
                aria-hidden=&quot;false&quot;
                class=&quot;bp3-collapse-body&quot;
              &gt;
                &lt;button
                  class=&quot;bp3-button&quot;
                  data-testid=&quot;stage-2-add-button&quot;
                  type=&quot;button&quot;
                &gt;
                  &lt;span
                    class=&quot;bp3-button-text&quot;
                  &gt;
                    Add Task
                  &lt;/span&gt;
                &lt;/button&gt;
              &lt;/div&gt;
            &lt;/div&gt;
          &lt;/div&gt;
        &lt;/div&gt;
        &lt;div
          class=&quot;bp3-card bp3-elevation-0&quot;
        &gt;
          &lt;div
            data-testid=&quot;task-stage-3&quot;
          &gt;
            &lt;div
              class=&quot;bp3-collapse&quot;
            &gt;
              &lt;div
                aria-hidden=&quot;false&quot;
                class=&quot;bp3-collapse-body&quot;
              /&gt;
            &lt;/div&gt;
            Done
            &lt;div
              class=&quot;bp3-collapse&quot;
            &gt;
              &lt;div
                aria-hidden=&quot;false&quot;
                class=&quot;bp3-collapse-body&quot;
              /&gt;
            &lt;/div&gt;
            &lt;div
              class=&quot;bp3-collapse&quot;
              style=&quot;height: auto; overflow-y: visible;&quot;
            &gt;
              &lt;div
                aria-hidden=&quot;false&quot;
                class=&quot;bp3-collapse-body&quot;
              &gt;
                &lt;button
                  class=&quot;bp3-button&quot;
                  data-testid=&quot;stage-3-add-button&quot;
                  type=&quot;button&quot;
                &gt;
                  &lt;span
                    class=&quot;bp3-button-text&quot;
                  &gt;
                    Add Task
                  &lt;/span&gt;
                &lt;/button&gt;
              &lt;/div&gt;
            &lt;/div&gt;
          &lt;/div&gt;
        &lt;/div&gt;
      &lt;/div&gt;
    &lt;/div&gt;
  &lt;/div&gt;
&lt;/body&gt;
    at getElementError (/projects/challenge/node_modules/@testing-library/dom/dist/query-helpers.js:46:10)
    at args (/projects/challenge/node_modules/@testing-library/dom/dist/query-helpers.js:100:13)
    at args (/projects/challenge/node_modules/@testing-library/dom/dist/query-helpers.js:83:17)
    at Object.&lt;anonymous&gt;.test (/projects/challenge/src/App.test.js:60:17)
    at Object.asyncFn (/projects/challenge/node_modules/jest-jasmine2/build/jasmine-async.js:68:30)
    at resolve (/projects/challenge/node_modules/jest-jasmine2/build/queueRunner.js:38:12)
    at new Promise (&lt;anonymous&gt;)
    at mapper (/projects/challenge/node_modules/jest-jasmine2/build/queueRunner.js:31:21)
    at Promise.resolve.then.el (/projects/challenge/node_modules/p-map/index.js:46:16)
    at &lt;anonymous&gt;</failure>
    </testcase>
    <testcase classname=" Renders a given set of tasks" name=" Renders a given set of tasks" time="0.031">
      <failure>Error: Unable to find an element by: [data-testid=&quot;stage-0&quot;]

&lt;div&gt;
  &lt;div
    class=&quot;App&quot;
  &gt;
    &lt;h1&gt;
      Kanban board
    &lt;/h1&gt;
    &lt;div
      style=&quot;display: flex;&quot;
    &gt;
      &lt;div
        class=&quot;bp3-card bp3-elevation-0&quot;
      &gt;
        &lt;div
          data-testid=&quot;task-stage-0&quot;
        &gt;
          &lt;div
            class=&quot;bp3-collapse&quot;
          &gt;
            &lt;div
              aria-hidden=&quot;false&quot;
              class=&quot;bp3-collapse-body&quot;
            /&gt;
          &lt;/div&gt;
          Backlog
          &lt;div
            class=&quot;bp3-card bp3-elevation-0&quot;
          &gt;
            &lt;div
              data-testid=&quot;task-Task-1&quot;
            &gt;
              Task 1
            &lt;/div&gt;
          &lt;/div&gt;
          &lt;div
            class=&quot;bp3-card bp3-elevation-0&quot;
          &gt;
            &lt;div
              data-testid=&quot;task-Task-2&quot;
            &gt;
              Task 2
            &lt;/div&gt;
          &lt;/div&gt;
          &lt;div
            class=&quot;bp3-collapse&quot;
          &gt;
            &lt;div
              aria-hidden=&quot;false&quot;
              class=&quot;bp3-collapse-body&quot;
            /&gt;
          &lt;/div&gt;
          &lt;div
            class=&quot;bp3-collapse&quot;
            style=&quot;height: auto; overflow-y: visible;&quot;
          &gt;
            &lt;div
              aria-hidden=&quot;false&quot;
              class=&quot;bp3-collapse-body&quot;
            &gt;
              &lt;button
                class=&quot;bp3-button&quot;
                data-testid=&quot;stage-0-add-button&quot;
                type=&quot;button&quot;
              &gt;
                &lt;span
                  class=&quot;bp3-button-text&quot;
                &gt;
                  Add Task
                &lt;/span&gt;
              &lt;/button&gt;
            &lt;/div&gt;
          &lt;/div&gt;
        &lt;/div&gt;
      &lt;/div&gt;
      &lt;div
        class=&quot;bp3-card bp3-elevation-0&quot;
      &gt;
        &lt;div
          data-testid=&quot;task-stage-1&quot;
        &gt;
          &lt;div
            class=&quot;bp3-collapse&quot;
          &gt;
            &lt;div
              aria-hidden=&quot;false&quot;
              class=&quot;bp3-collapse-body&quot;
            /&gt;
          &lt;/div&gt;
          To Do
          &lt;div
            class=&quot;bp3-card bp3-elevation-0&quot;
          &gt;
            &lt;div
              data-testid=&quot;task-Task-3&quot;
            &gt;
              Task 3
            &lt;/div&gt;
          &lt;/div&gt;
          &lt;div
            class=&quot;bp3-collapse&quot;
          &gt;
            &lt;div
              aria-hidden=&quot;false&quot;
              class=&quot;bp3-collapse-body&quot;
            /&gt;
          &lt;/div&gt;
          &lt;div
            class=&quot;bp3-collapse&quot;
            style=&quot;height: auto; overflow-y: visible;&quot;
          &gt;
            &lt;div
              aria-hidden=&quot;false&quot;
              class=&quot;bp3-collapse-body&quot;
            &gt;
              &lt;button
                class=&quot;bp3-button&quot;
                data-testid=&quot;stage-1-add-button&quot;
                type=&quot;button&quot;
              &gt;
                &lt;span
                  class=&quot;bp3-button-text&quot;
                &gt;
                  Add Task
                &lt;/span&gt;
              &lt;/button&gt;
            &lt;/div&gt;
          &lt;/div&gt;
        &lt;/div&gt;
      &lt;/div&gt;
      &lt;div
        class=&quot;bp3-card bp3-elevation-0&quot;
      &gt;
        &lt;div
          data-testid=&quot;task-stage-2&quot;
        &gt;
          &lt;div
            class=&quot;bp3-collapse&quot;
          &gt;
            &lt;div
              aria-hidden=&quot;false&quot;
              class=&quot;bp3-collapse-body&quot;
            /&gt;
          &lt;/div&gt;
          Ongoing
          &lt;div
            class=&quot;bp3-card bp3-elevation-0&quot;
          &gt;
            &lt;div
              data-testid=&quot;task-Task-4&quot;
            &gt;
              Task 4
            &lt;/div&gt;
          &lt;/div&gt;
          &lt;div
            class=&quot;bp3-collapse&quot;
          &gt;
            &lt;div
              aria-hidden=&quot;false&quot;
              class=&quot;bp3-collapse-body&quot;
            /&gt;
          &lt;/div&gt;
          &lt;div
            class=&quot;bp3-collapse&quot;
            style=&quot;height: auto; overflow-y: visible;&quot;
          &gt;
            &lt;div
              aria-hidden=&quot;false&quot;
              class=&quot;bp3-collapse-body&quot;
            &gt;
              &lt;button
                class=&quot;bp3-button&quot;
                data-testid=&quot;stage-2-add-button&quot;
                type=&quot;button&quot;
              &gt;
                &lt;span
                  class=&quot;bp3-button-text&quot;
                &gt;
                  Add Task
                &lt;/span&gt;
              &lt;/button&gt;
            &lt;/div&gt;
          &lt;/div&gt;
        &lt;/div&gt;
      &lt;/div&gt;
      &lt;div
        class=&quot;bp3-card bp3-elevation-0&quot;
      &gt;
        &lt;div
          data-testid=&quot;task-stage-3&quot;
        &gt;
          &lt;div
            class=&quot;bp3-collapse&quot;
          &gt;
            &lt;div
              aria-hidden=&quot;false&quot;
              class=&quot;bp3-collapse-body&quot;
            /&gt;
          &lt;/div&gt;
          Done
          &lt;div
            class=&quot;bp3-collapse&quot;
          &gt;
            &lt;div
              aria-hidden=&quot;false&quot;
              class=&quot;bp3-collapse-body&quot;
            /&gt;
          &lt;/div&gt;
          &lt;div
            class=&quot;bp3-collapse&quot;
            style=&quot;height: auto; overflow-y: visible;&quot;
          &gt;
            &lt;div
              aria-hidden=&quot;false&quot;
              class=&quot;bp3-collapse-body&quot;
            &gt;
              &lt;button
                class=&quot;bp3-button&quot;
                data-testid=&quot;stage-3-add-button&quot;
                type=&quot;button&quot;
              &gt;
                &lt;span
                  class=&quot;bp3-button-text&quot;
                &gt;
                  Add Task
                &lt;/span&gt;
              &lt;/button&gt;
            &lt;/div&gt;
          &lt;/div&gt;
        &lt;/div&gt;
      &lt;/div&gt;
    &lt;/div&gt;
  &lt;/div&gt;
&lt;/div&gt;
    at getElementError (/projects/challenge/node_modules/@testing-library/dom/dist/query-helpers.js:46:10)
    at args (/projects/challenge/node_modules/@testing-library/dom/dist/query-helpers.js:100:13)
    at args (/projects/challenge/node_modules/@testing-library/dom/dist/query-helpers.js:83:17)
    at Object.&lt;anonymous&gt;.test (/projects/challenge/src/App.test.js:69:40)
    at Object.asyncFn (/projects/challenge/node_modules/jest-jasmine2/build/jasmine-async.js:68:30)
    at resolve (/projects/challenge/node_modules/jest-jasmine2/build/queueRunner.js:38:12)
    at new Promise (&lt;anonymous&gt;)
    at mapper (/projects/challenge/node_modules/jest-jasmine2/build/queueRunner.js:31:21)
    at Promise.resolve.then.el (/projects/challenge/node_modules/p-map/index.js:46:16)
    at &lt;anonymous&gt;</failure>
    </testcase>
    <testcase classname=" Adding Tasks" name=" Adding Tasks" time="0.192">
      <failure>Error: Unable to find an element by: [data-testid=&quot;stage-0-new-task-input-confirm&quot;]

&lt;body&gt;
  &lt;div&gt;
    &lt;div
      class=&quot;App&quot;
    &gt;
      &lt;h1&gt;
        Kanban board
      &lt;/h1&gt;
      &lt;div
        style=&quot;display: flex;&quot;
      &gt;
        &lt;div
          class=&quot;bp3-card bp3-elevation-0&quot;
        &gt;
          &lt;div
            data-testid=&quot;task-stage-0&quot;
          &gt;
            &lt;div
              class=&quot;bp3-collapse&quot;
            &gt;
              &lt;div
                aria-hidden=&quot;false&quot;
                class=&quot;bp3-collapse-body&quot;
              /&gt;
            &lt;/div&gt;
            Backlog
            &lt;div
              class=&quot;bp3-card bp3-elevation-0&quot;
            &gt;
              &lt;div
                data-testid=&quot;task-Task-1&quot;
              &gt;
                Task 1
              &lt;/div&gt;
            &lt;/div&gt;
            &lt;div
              class=&quot;bp3-card bp3-elevation-0&quot;
            &gt;
              &lt;div
                data-testid=&quot;task-Task-2&quot;
              &gt;
                Task 2
              &lt;/div&gt;
            &lt;/div&gt;
            &lt;div
              class=&quot;bp3-collapse&quot;
              style=&quot;height: 0px;&quot;
            &gt;
              &lt;div
                aria-hidden=&quot;false&quot;
                class=&quot;bp3-collapse-body&quot;
              &gt;
                &lt;div
                  class=&quot;bp3-input-group&quot;
                &gt;
                  &lt;input
                    class=&quot;bp3-input&quot;
                    data-testid=&quot;stage-0-new-task-input&quot;
                    style=&quot;padding-right: 0px;&quot;
                    type=&quot;text&quot;
                  /&gt;
                  &lt;span
                    class=&quot;bp3-input-action&quot;
                  &gt;
                    &lt;button
                      class=&quot;bp3-button&quot;
                      id=&quot;stage-0-new-task-input-confirm&quot;
                      type=&quot;button&quot;
                    &gt;
                      &lt;span
                        class=&quot;bp3-button-text&quot;
                      &gt;
                        Confirm
                      &lt;/span&gt;
                    &lt;/button&gt;
                  &lt;/span&gt;
                &lt;/div&gt;
              &lt;/div&gt;
            &lt;/div&gt;
            &lt;div
              class=&quot;bp3-collapse&quot;
              style=&quot;height: auto; overflow-y: visible;&quot;
            &gt;
              &lt;div
                aria-hidden=&quot;false&quot;
                class=&quot;bp3-collapse-body&quot;
              &gt;
                &lt;button
                  class=&quot;bp3-button&quot;
                  data-testid=&quot;stage-0-add-button&quot;
                  type=&quot;button&quot;
                &gt;
                  &lt;span
                    class=&quot;bp3-button-text&quot;
                  &gt;
                    Add Task
                  &lt;/span&gt;
                &lt;/button&gt;
              &lt;/div&gt;
            &lt;/div&gt;
          &lt;/div&gt;
        &lt;/div&gt;
        &lt;div
          class=&quot;bp3-card bp3-elevation-0&quot;
        &gt;
          &lt;div
            data-testid=&quot;task-stage-1&quot;
          &gt;
            &lt;div
              class=&quot;bp3-collapse&quot;
            &gt;
              &lt;div
                aria-hidden=&quot;false&quot;
                class=&quot;bp3-collapse-body&quot;
              /&gt;
            &lt;/div&gt;
            To Do
            &lt;div
              class=&quot;bp3-card bp3-elevation-0&quot;
            &gt;
              &lt;div
                data-testid=&quot;task-Task-3&quot;
              &gt;
                Task 3
              &lt;/div&gt;
            &lt;/div&gt;
            &lt;div
              class=&quot;bp3-collapse&quot;
            &gt;
              &lt;div
                aria-hidden=&quot;false&quot;
                class=&quot;bp3-collapse-body&quot;
              /&gt;
            &lt;/div&gt;
            &lt;div
              class=&quot;bp3-collapse&quot;
              style=&quot;height: auto; overflow-y: visible;&quot;
            &gt;
              &lt;div
                aria-hidden=&quot;false&quot;
                class=&quot;bp3-collapse-body&quot;
              &gt;
                &lt;button
                  class=&quot;bp3-button&quot;
                  data-testid=&quot;stage-1-add-button&quot;
                  type=&quot;button&quot;
                &gt;
                  &lt;span
                    class=&quot;bp3-button-text&quot;
                  &gt;
                    Add Task
                  &lt;/span&gt;
                &lt;/button&gt;
              &lt;/div&gt;
            &lt;/div&gt;
          &lt;/div&gt;
        &lt;/div&gt;
        &lt;div
          class=&quot;bp3-card bp3-elevation-0&quot;
        &gt;
          &lt;div
            data-testid=&quot;task-stage-2&quot;
          &gt;
            &lt;div
              class=&quot;bp3-collapse&quot;
            &gt;
              &lt;div
                aria-hidden=&quot;false&quot;
                class=&quot;bp3-collapse-body&quot;
              /&gt;
            &lt;/div&gt;
            Ongoing
            &lt;div
              class=&quot;bp3-card bp3-elevation-0&quot;
            &gt;
              &lt;div
                data-testid=&quot;task-Task-4&quot;
              &gt;
                Task 4
              &lt;/div&gt;
            &lt;/div&gt;
            &lt;div
              class=&quot;bp3-collapse&quot;
            &gt;
              &lt;div
                aria-hidden=&quot;false&quot;
                class=&quot;bp3-collapse-body&quot;
              /&gt;
            &lt;/div&gt;
            &lt;div
              class=&quot;bp3-collapse&quot;
              style=&quot;height: auto; overflow-y: visible;&quot;
            &gt;
              &lt;div
                aria-hidden=&quot;false&quot;
                class=&quot;bp3-collapse-body&quot;
              &gt;
                &lt;button
                  class=&quot;bp3-button&quot;
                  data-testid=&quot;stage-2-add-button&quot;
                  type=&quot;button&quot;
                &gt;
                  &lt;span
                    class=&quot;bp3-button-text&quot;
                  &gt;
                    Add Task
                  &lt;/span&gt;
                &lt;/button&gt;
              &lt;/div&gt;
            &lt;/div&gt;
          &lt;/div&gt;
        &lt;/div&gt;
        &lt;div
          class=&quot;bp3-card bp3-elevation-0&quot;
        &gt;
          &lt;div
            data-testid=&quot;task-stage-3&quot;
          &gt;
            &lt;div
              class=&quot;bp3-collapse&quot;
            &gt;
              &lt;div
                aria-hidden=&quot;false&quot;
                class=&quot;bp3-collapse-body&quot;
              /&gt;
            &lt;/div&gt;
            Done
            &lt;div
              class=&quot;bp3-collapse&quot;
            &gt;
              &lt;div
                aria-hidden=&quot;false&quot;
                class=&quot;bp3-collapse-body&quot;
              /&gt;
            &lt;/div&gt;
            &lt;div
              class=&quot;bp3-collapse&quot;
              style=&quot;height: auto; overflow-y: visible;&quot;
            &gt;
              &lt;div
                aria-hidden=&quot;false&quot;
                class=&quot;bp3-collapse-body&quot;
              &gt;
                &lt;button
                  class=&quot;bp3-button&quot;
                  data-testid=&quot;stage-3-add-button&quot;
                  type=&quot;button&quot;
                &gt;
                  &lt;span
                    class=&quot;bp3-button-text&quot;
                  &gt;
                    Add Task
                  &lt;/span&gt;
                &lt;/button&gt;
              &lt;/div&gt;
            &lt;/div&gt;
          &lt;/div&gt;
        &lt;/div&gt;
      &lt;/div&gt;
    &lt;/div&gt;
  &lt;/div&gt;
&lt;/body&gt;
    at getElementError (/projects/challenge/node_modules/@testing-library/dom/dist/query-helpers.js:46:10)
    at args (/projects/challenge/node_modules/@testing-library/dom/dist/query-helpers.js:100:13)
    at args (/projects/challenge/node_modules/@testing-library/dom/dist/query-helpers.js:83:17)
    at renderAppAndAddTasks (/projects/challenge/src/App.test.js:29:29)
    at Object.&lt;anonymous&gt;.test (/projects/challenge/src/App.test.js:87:3)
    at Object.asyncFn (/projects/challenge/node_modules/jest-jasmine2/build/jasmine-async.js:68:30)
    at resolve (/projects/challenge/node_modules/jest-jasmine2/build/queueRunner.js:38:12)
    at new Promise (&lt;anonymous&gt;)
    at mapper (/projects/challenge/node_modules/jest-jasmine2/build/queueRunner.js:31:21)
    at Promise.resolve.then.el (/projects/challenge/node_modules/p-map/index.js:46:16)
    at &lt;anonymous&gt;</failure>
    </testcase>
    <testcase classname=" Selecting and Deselecting Tasks" name=" Selecting and Deselecting Tasks" time="0.134">
      <failure>Error: Unable to find an element by: [data-testid=&quot;stage-0-new-task-input-confirm&quot;]

&lt;body&gt;
  &lt;div&gt;
    &lt;div
      class=&quot;App&quot;
    &gt;
      &lt;h1&gt;
        Kanban board
      &lt;/h1&gt;
      &lt;div
        style=&quot;display: flex;&quot;
      &gt;
        &lt;div
          class=&quot;bp3-card bp3-elevation-0&quot;
        &gt;
          &lt;div
            data-testid=&quot;task-stage-0&quot;
          &gt;
            &lt;div
              class=&quot;bp3-collapse&quot;
            &gt;
              &lt;div
                aria-hidden=&quot;false&quot;
                class=&quot;bp3-collapse-body&quot;
              /&gt;
            &lt;/div&gt;
            Backlog
            &lt;div
              class=&quot;bp3-card bp3-elevation-0&quot;
            &gt;
              &lt;div
                data-testid=&quot;task-Task-1&quot;
              &gt;
                Task 1
              &lt;/div&gt;
            &lt;/div&gt;
            &lt;div
              class=&quot;bp3-card bp3-elevation-0&quot;
            &gt;
              &lt;div
                data-testid=&quot;task-Task-2&quot;
              &gt;
                Task 2
              &lt;/div&gt;
            &lt;/div&gt;
            &lt;div
              class=&quot;bp3-collapse&quot;
              style=&quot;height: 0px;&quot;
            &gt;
              &lt;div
                aria-hidden=&quot;false&quot;
                class=&quot;bp3-collapse-body&quot;
              &gt;
                &lt;div
                  class=&quot;bp3-input-group&quot;
                &gt;
                  &lt;input
                    class=&quot;bp3-input&quot;
                    data-testid=&quot;stage-0-new-task-input&quot;
                    style=&quot;padding-right: 0px;&quot;
                    type=&quot;text&quot;
                  /&gt;
                  &lt;span
                    class=&quot;bp3-input-action&quot;
                  &gt;
                    &lt;button
                      class=&quot;bp3-button&quot;
                      id=&quot;stage-0-new-task-input-confirm&quot;
                      type=&quot;button&quot;
                    &gt;
                      &lt;span
                        class=&quot;bp3-button-text&quot;
                      &gt;
                        Confirm
                      &lt;/span&gt;
                    &lt;/button&gt;
                  &lt;/span&gt;
                &lt;/div&gt;
              &lt;/div&gt;
            &lt;/div&gt;
            &lt;div
              class=&quot;bp3-collapse&quot;
              style=&quot;height: auto; overflow-y: visible;&quot;
            &gt;
              &lt;div
                aria-hidden=&quot;false&quot;
                class=&quot;bp3-collapse-body&quot;
              &gt;
                &lt;button
                  class=&quot;bp3-button&quot;
                  data-testid=&quot;stage-0-add-button&quot;
                  type=&quot;button&quot;
                &gt;
                  &lt;span
                    class=&quot;bp3-button-text&quot;
                  &gt;
                    Add Task
                  &lt;/span&gt;
                &lt;/button&gt;
              &lt;/div&gt;
            &lt;/div&gt;
          &lt;/div&gt;
        &lt;/div&gt;
        &lt;div
          class=&quot;bp3-card bp3-elevation-0&quot;
        &gt;
          &lt;div
            data-testid=&quot;task-stage-1&quot;
          &gt;
            &lt;div
              class=&quot;bp3-collapse&quot;
            &gt;
              &lt;div
                aria-hidden=&quot;false&quot;
                class=&quot;bp3-collapse-body&quot;
              /&gt;
            &lt;/div&gt;
            To Do
            &lt;div
              class=&quot;bp3-card bp3-elevation-0&quot;
            &gt;
              &lt;div
                data-testid=&quot;task-Task-3&quot;
              &gt;
                Task 3
              &lt;/div&gt;
            &lt;/div&gt;
            &lt;div
              class=&quot;bp3-collapse&quot;
            &gt;
              &lt;div
                aria-hidden=&quot;false&quot;
                class=&quot;bp3-collapse-body&quot;
              /&gt;
            &lt;/div&gt;
            &lt;div
              class=&quot;bp3-collapse&quot;
              style=&quot;height: auto; overflow-y: visible;&quot;
            &gt;
              &lt;div
                aria-hidden=&quot;false&quot;
                class=&quot;bp3-collapse-body&quot;
              &gt;
                &lt;button
                  class=&quot;bp3-button&quot;
                  data-testid=&quot;stage-1-add-button&quot;
                  type=&quot;button&quot;
                &gt;
                  &lt;span
                    class=&quot;bp3-button-text&quot;
                  &gt;
                    Add Task
                  &lt;/span&gt;
                &lt;/button&gt;
              &lt;/div&gt;
            &lt;/div&gt;
          &lt;/div&gt;
        &lt;/div&gt;
        &lt;div
          class=&quot;bp3-card bp3-elevation-0&quot;
        &gt;
          &lt;div
            data-testid=&quot;task-stage-2&quot;
          &gt;
            &lt;div
              class=&quot;bp3-collapse&quot;
            &gt;
              &lt;div
                aria-hidden=&quot;false&quot;
                class=&quot;bp3-collapse-body&quot;
              /&gt;
            &lt;/div&gt;
            Ongoing
            &lt;div
              class=&quot;bp3-card bp3-elevation-0&quot;
            &gt;
              &lt;div
                data-testid=&quot;task-Task-4&quot;
              &gt;
                Task 4
              &lt;/div&gt;
            &lt;/div&gt;
            &lt;div
              class=&quot;bp3-collapse&quot;
            &gt;
              &lt;div
                aria-hidden=&quot;false&quot;
                class=&quot;bp3-collapse-body&quot;
              /&gt;
            &lt;/div&gt;
            &lt;div
              class=&quot;bp3-collapse&quot;
              style=&quot;height: auto; overflow-y: visible;&quot;
            &gt;
              &lt;div
                aria-hidden=&quot;false&quot;
                class=&quot;bp3-collapse-body&quot;
              &gt;
                &lt;button
                  class=&quot;bp3-button&quot;
                  data-testid=&quot;stage-2-add-button&quot;
                  type=&quot;button&quot;
                &gt;
                  &lt;span
                    class=&quot;bp3-button-text&quot;
                  &gt;
                    Add Task
                  &lt;/span&gt;
                &lt;/button&gt;
              &lt;/div&gt;
            &lt;/div&gt;
          &lt;/div&gt;
        &lt;/div&gt;
        &lt;div
          class=&quot;bp3-card bp3-elevation-0&quot;
        &gt;
          &lt;div
            data-testid=&quot;task-stage-3&quot;
          &gt;
            &lt;div
              class=&quot;bp3-collapse&quot;
            &gt;
              &lt;div
                aria-hidden=&quot;false&quot;
                class=&quot;bp3-collapse-body&quot;
              /&gt;
            &lt;/div&gt;
            Done
            &lt;div
              class=&quot;bp3-collapse&quot;
            &gt;
              &lt;div
                aria-hidden=&quot;false&quot;
                class=&quot;bp3-collapse-body&quot;
              /&gt;
            &lt;/div&gt;
            &lt;div
              class=&quot;bp3-collapse&quot;
              style=&quot;height: auto; overflow-y: visible;&quot;
            &gt;
              &lt;div
                aria-hidden=&quot;false&quot;
                class=&quot;bp3-collapse-body&quot;
              &gt;
                &lt;button
                  class=&quot;bp3-button&quot;
                  data-testid=&quot;stage-3-add-button&quot;
                  type=&quot;button&quot;
                &gt;
                  &lt;span
                    class=&quot;bp3-button-text&quot;
                  &gt;
                    Add Task
                  &lt;/span&gt;
                &lt;/button&gt;
              &lt;/div&gt;
            &lt;/div&gt;
          &lt;/div&gt;
        &lt;/div&gt;
      &lt;/div&gt;
    &lt;/div&gt;
  &lt;/div&gt;
&lt;/body&gt;
    at getElementError (/projects/challenge/node_modules/@testing-library/dom/dist/query-helpers.js:46:10)
    at args (/projects/challenge/node_modules/@testing-library/dom/dist/query-helpers.js:100:13)
    at args (/projects/challenge/node_modules/@testing-library/dom/dist/query-helpers.js:83:17)
    at renderAppAndAddTasks (/projects/challenge/src/App.test.js:29:29)
    at Object.&lt;anonymous&gt;.test (/projects/challenge/src/App.test.js:97:3)
    at Object.asyncFn (/projects/challenge/node_modules/jest-jasmine2/build/jasmine-async.js:68:30)
    at resolve (/projects/challenge/node_modules/jest-jasmine2/build/queueRunner.js:38:12)
    at new Promise (&lt;anonymous&gt;)
    at mapper (/projects/challenge/node_modules/jest-jasmine2/build/queueRunner.js:31:21)
    at Promise.resolve.then.el (/projects/challenge/node_modules/p-map/index.js:46:16)
    at &lt;anonymous&gt;</failure>
    </testcase>
    <testcase classname=" Deleting Tasks" name=" Deleting Tasks" time="0.126">
      <failure>Error: Unable to find an element by: [data-testid=&quot;stage-0-new-task-input-confirm&quot;]

&lt;body&gt;
  &lt;div&gt;
    &lt;div
      class=&quot;App&quot;
    &gt;
      &lt;h1&gt;
        Kanban board
      &lt;/h1&gt;
      &lt;div
        style=&quot;display: flex;&quot;
      &gt;
        &lt;div
          class=&quot;bp3-card bp3-elevation-0&quot;
        &gt;
          &lt;div
            data-testid=&quot;task-stage-0&quot;
          &gt;
            &lt;div
              class=&quot;bp3-collapse&quot;
            &gt;
              &lt;div
                aria-hidden=&quot;false&quot;
                class=&quot;bp3-collapse-body&quot;
              /&gt;
            &lt;/div&gt;
            Backlog
            &lt;div
              class=&quot;bp3-card bp3-elevation-0&quot;
            &gt;
              &lt;div
                data-testid=&quot;task-Task-1&quot;
              &gt;
                Task 1
              &lt;/div&gt;
            &lt;/div&gt;
            &lt;div
              class=&quot;bp3-card bp3-elevation-0&quot;
            &gt;
              &lt;div
                data-testid=&quot;task-Task-2&quot;
              &gt;
                Task 2
              &lt;/div&gt;
            &lt;/div&gt;
            &lt;div
              class=&quot;bp3-collapse&quot;
              style=&quot;height: 0px;&quot;
            &gt;
              &lt;div
                aria-hidden=&quot;false&quot;
                class=&quot;bp3-collapse-body&quot;
              &gt;
                &lt;div
                  class=&quot;bp3-input-group&quot;
                &gt;
                  &lt;input
                    class=&quot;bp3-input&quot;
                    data-testid=&quot;stage-0-new-task-input&quot;
                    style=&quot;padding-right: 0px;&quot;
                    type=&quot;text&quot;
                  /&gt;
                  &lt;span
                    class=&quot;bp3-input-action&quot;
                  &gt;
                    &lt;button
                      class=&quot;bp3-button&quot;
                      id=&quot;stage-0-new-task-input-confirm&quot;
                      type=&quot;button&quot;
                    &gt;
                      &lt;span
                        class=&quot;bp3-button-text&quot;
                      &gt;
                        Confirm
                      &lt;/span&gt;
                    &lt;/button&gt;
                  &lt;/span&gt;
                &lt;/div&gt;
              &lt;/div&gt;
            &lt;/div&gt;
            &lt;div
              class=&quot;bp3-collapse&quot;
              style=&quot;height: auto; overflow-y: visible;&quot;
            &gt;
              &lt;div
                aria-hidden=&quot;false&quot;
                class=&quot;bp3-collapse-body&quot;
              &gt;
                &lt;button
                  class=&quot;bp3-button&quot;
                  data-testid=&quot;stage-0-add-button&quot;
                  type=&quot;button&quot;
                &gt;
                  &lt;span
                    class=&quot;bp3-button-text&quot;
                  &gt;
                    Add Task
                  &lt;/span&gt;
                &lt;/button&gt;
              &lt;/div&gt;
            &lt;/div&gt;
          &lt;/div&gt;
        &lt;/div&gt;
        &lt;div
          class=&quot;bp3-card bp3-elevation-0&quot;
        &gt;
          &lt;div
            data-testid=&quot;task-stage-1&quot;
          &gt;
            &lt;div
              class=&quot;bp3-collapse&quot;
            &gt;
              &lt;div
                aria-hidden=&quot;false&quot;
                class=&quot;bp3-collapse-body&quot;
              /&gt;
            &lt;/div&gt;
            To Do
            &lt;div
              class=&quot;bp3-card bp3-elevation-0&quot;
            &gt;
              &lt;div
                data-testid=&quot;task-Task-3&quot;
              &gt;
                Task 3
              &lt;/div&gt;
            &lt;/div&gt;
            &lt;div
              class=&quot;bp3-collapse&quot;
            &gt;
              &lt;div
                aria-hidden=&quot;false&quot;
                class=&quot;bp3-collapse-body&quot;
              /&gt;
            &lt;/div&gt;
            &lt;div
              class=&quot;bp3-collapse&quot;
              style=&quot;height: auto; overflow-y: visible;&quot;
            &gt;
              &lt;div
                aria-hidden=&quot;false&quot;
                class=&quot;bp3-collapse-body&quot;
              &gt;
                &lt;button
                  class=&quot;bp3-button&quot;
                  data-testid=&quot;stage-1-add-button&quot;
                  type=&quot;button&quot;
                &gt;
                  &lt;span
                    class=&quot;bp3-button-text&quot;
                  &gt;
                    Add Task
                  &lt;/span&gt;
                &lt;/button&gt;
              &lt;/div&gt;
            &lt;/div&gt;
          &lt;/div&gt;
        &lt;/div&gt;
        &lt;div
          class=&quot;bp3-card bp3-elevation-0&quot;
        &gt;
          &lt;div
            data-testid=&quot;task-stage-2&quot;
          &gt;
            &lt;div
              class=&quot;bp3-collapse&quot;
            &gt;
              &lt;div
                aria-hidden=&quot;false&quot;
                class=&quot;bp3-collapse-body&quot;
              /&gt;
            &lt;/div&gt;
            Ongoing
            &lt;div
              class=&quot;bp3-card bp3-elevation-0&quot;
            &gt;
              &lt;div
                data-testid=&quot;task-Task-4&quot;
              &gt;
                Task 4
              &lt;/div&gt;
            &lt;/div&gt;
            &lt;div
              class=&quot;bp3-collapse&quot;
            &gt;
              &lt;div
                aria-hidden=&quot;false&quot;
                class=&quot;bp3-collapse-body&quot;
              /&gt;
            &lt;/div&gt;
            &lt;div
              class=&quot;bp3-collapse&quot;
              style=&quot;height: auto; overflow-y: visible;&quot;
            &gt;
              &lt;div
                aria-hidden=&quot;false&quot;
                class=&quot;bp3-collapse-body&quot;
              &gt;
                &lt;button
                  class=&quot;bp3-button&quot;
                  data-testid=&quot;stage-2-add-button&quot;
                  type=&quot;button&quot;
                &gt;
                  &lt;span
                    class=&quot;bp3-button-text&quot;
                  &gt;
                    Add Task
                  &lt;/span&gt;
                &lt;/button&gt;
              &lt;/div&gt;
            &lt;/div&gt;
          &lt;/div&gt;
        &lt;/div&gt;
        &lt;div
          class=&quot;bp3-card bp3-elevation-0&quot;
        &gt;
          &lt;div
            data-testid=&quot;task-stage-3&quot;
          &gt;
            &lt;div
              class=&quot;bp3-collapse&quot;
            &gt;
              &lt;div
                aria-hidden=&quot;false&quot;
                class=&quot;bp3-collapse-body&quot;
              /&gt;
            &lt;/div&gt;
            Done
            &lt;div
              class=&quot;bp3-collapse&quot;
            &gt;
              &lt;div
                aria-hidden=&quot;false&quot;
                class=&quot;bp3-collapse-body&quot;
              /&gt;
            &lt;/div&gt;
            &lt;div
              class=&quot;bp3-collapse&quot;
              style=&quot;height: auto; overflow-y: visible;&quot;
            &gt;
              &lt;div
                aria-hidden=&quot;false&quot;
                class=&quot;bp3-collapse-body&quot;
              &gt;
                &lt;button
                  class=&quot;bp3-button&quot;
                  data-testid=&quot;stage-3-add-button&quot;
                  type=&quot;button&quot;
                &gt;
                  &lt;span
                    class=&quot;bp3-button-text&quot;
                  &gt;
                    Add Task
                  &lt;/span&gt;
                &lt;/button&gt;
              &lt;/div&gt;
            &lt;/div&gt;
          &lt;/div&gt;
        &lt;/div&gt;
      &lt;/div&gt;
    &lt;/div&gt;
  &lt;/div&gt;
&lt;/body&gt;
    at getElementError (/projects/challenge/node_modules/@testing-library/dom/dist/query-helpers.js:46:10)
    at args (/projects/challenge/node_modules/@testing-library/dom/dist/query-helpers.js:100:13)
    at args (/projects/challenge/node_modules/@testing-library/dom/dist/query-helpers.js:83:17)
    at renderAppAndAddTasks (/projects/challenge/src/App.test.js:29:29)
    at Object.&lt;anonymous&gt;.test (/projects/challenge/src/App.test.js:111:3)
    at Object.asyncFn (/projects/challenge/node_modules/jest-jasmine2/build/jasmine-async.js:68:30)
    at resolve (/projects/challenge/node_modules/jest-jasmine2/build/queueRunner.js:38:12)
    at new Promise (&lt;anonymous&gt;)
    at mapper (/projects/challenge/node_modules/jest-jasmine2/build/queueRunner.js:31:21)
    at Promise.resolve.then.el (/projects/challenge/node_modules/p-map/index.js:46:16)
    at &lt;anonymous&gt;</failure>
    </testcase>
    <testcase classname=" Moving Tasks" name=" Moving Tasks" time="0.118">
      <failure>Error: Unable to find an element by: [data-testid=&quot;stage-0-new-task-input-confirm&quot;]

&lt;body&gt;
  &lt;div&gt;
    &lt;div
      class=&quot;App&quot;
    &gt;
      &lt;h1&gt;
        Kanban board
      &lt;/h1&gt;
      &lt;div
        style=&quot;display: flex;&quot;
      &gt;
        &lt;div
          class=&quot;bp3-card bp3-elevation-0&quot;
        &gt;
          &lt;div
            data-testid=&quot;task-stage-0&quot;
          &gt;
            &lt;div
              class=&quot;bp3-collapse&quot;
            &gt;
              &lt;div
                aria-hidden=&quot;false&quot;
                class=&quot;bp3-collapse-body&quot;
              /&gt;
            &lt;/div&gt;
            Backlog
            &lt;div
              class=&quot;bp3-card bp3-elevation-0&quot;
            &gt;
              &lt;div
                data-testid=&quot;task-Task-1&quot;
              &gt;
                Task 1
              &lt;/div&gt;
            &lt;/div&gt;
            &lt;div
              class=&quot;bp3-card bp3-elevation-0&quot;
            &gt;
              &lt;div
                data-testid=&quot;task-Task-2&quot;
              &gt;
                Task 2
              &lt;/div&gt;
            &lt;/div&gt;
            &lt;div
              class=&quot;bp3-collapse&quot;
              style=&quot;height: 0px;&quot;
            &gt;
              &lt;div
                aria-hidden=&quot;false&quot;
                class=&quot;bp3-collapse-body&quot;
              &gt;
                &lt;div
                  class=&quot;bp3-input-group&quot;
                &gt;
                  &lt;input
                    class=&quot;bp3-input&quot;
                    data-testid=&quot;stage-0-new-task-input&quot;
                    style=&quot;padding-right: 0px;&quot;
                    type=&quot;text&quot;
                  /&gt;
                  &lt;span
                    class=&quot;bp3-input-action&quot;
                  &gt;
                    &lt;button
                      class=&quot;bp3-button&quot;
                      id=&quot;stage-0-new-task-input-confirm&quot;
                      type=&quot;button&quot;
                    &gt;
                      &lt;span
                        class=&quot;bp3-button-text&quot;
                      &gt;
                        Confirm
                      &lt;/span&gt;
                    &lt;/button&gt;
                  &lt;/span&gt;
                &lt;/div&gt;
              &lt;/div&gt;
            &lt;/div&gt;
            &lt;div
              class=&quot;bp3-collapse&quot;
              style=&quot;height: auto; overflow-y: visible;&quot;
            &gt;
              &lt;div
                aria-hidden=&quot;false&quot;
                class=&quot;bp3-collapse-body&quot;
              &gt;
                &lt;button
                  class=&quot;bp3-button&quot;
                  data-testid=&quot;stage-0-add-button&quot;
                  type=&quot;button&quot;
                &gt;
                  &lt;span
                    class=&quot;bp3-button-text&quot;
                  &gt;
                    Add Task
                  &lt;/span&gt;
                &lt;/button&gt;
              &lt;/div&gt;
            &lt;/div&gt;
          &lt;/div&gt;
        &lt;/div&gt;
        &lt;div
          class=&quot;bp3-card bp3-elevation-0&quot;
        &gt;
          &lt;div
            data-testid=&quot;task-stage-1&quot;
          &gt;
            &lt;div
              class=&quot;bp3-collapse&quot;
            &gt;
              &lt;div
                aria-hidden=&quot;false&quot;
                class=&quot;bp3-collapse-body&quot;
              /&gt;
            &lt;/div&gt;
            To Do
            &lt;div
              class=&quot;bp3-card bp3-elevation-0&quot;
            &gt;
              &lt;div
                data-testid=&quot;task-Task-3&quot;
              &gt;
                Task 3
              &lt;/div&gt;
            &lt;/div&gt;
            &lt;div
              class=&quot;bp3-collapse&quot;
            &gt;
              &lt;div
                aria-hidden=&quot;false&quot;
                class=&quot;bp3-collapse-body&quot;
              /&gt;
            &lt;/div&gt;
            &lt;div
              class=&quot;bp3-collapse&quot;
              style=&quot;height: auto; overflow-y: visible;&quot;
            &gt;
              &lt;div
                aria-hidden=&quot;false&quot;
                class=&quot;bp3-collapse-body&quot;
              &gt;
                &lt;button
                  class=&quot;bp3-button&quot;
                  data-testid=&quot;stage-1-add-button&quot;
                  type=&quot;button&quot;
                &gt;
                  &lt;span
                    class=&quot;bp3-button-text&quot;
                  &gt;
                    Add Task
                  &lt;/span&gt;
                &lt;/button&gt;
              &lt;/div&gt;
            &lt;/div&gt;
          &lt;/div&gt;
        &lt;/div&gt;
        &lt;div
          class=&quot;bp3-card bp3-elevation-0&quot;
        &gt;
          &lt;div
            data-testid=&quot;task-stage-2&quot;
          &gt;
            &lt;div
              class=&quot;bp3-collapse&quot;
            &gt;
              &lt;div
                aria-hidden=&quot;false&quot;
                class=&quot;bp3-collapse-body&quot;
              /&gt;
            &lt;/div&gt;
            Ongoing
            &lt;div
              class=&quot;bp3-card bp3-elevation-0&quot;
            &gt;
              &lt;div
                data-testid=&quot;task-Task-4&quot;
              &gt;
                Task 4
              &lt;/div&gt;
            &lt;/div&gt;
            &lt;div
              class=&quot;bp3-collapse&quot;
            &gt;
              &lt;div
                aria-hidden=&quot;false&quot;
                class=&quot;bp3-collapse-body&quot;
              /&gt;
            &lt;/div&gt;
            &lt;div
              class=&quot;bp3-collapse&quot;
              style=&quot;height: auto; overflow-y: visible;&quot;
            &gt;
              &lt;div
                aria-hidden=&quot;false&quot;
                class=&quot;bp3-collapse-body&quot;
              &gt;
                &lt;button
                  class=&quot;bp3-button&quot;
                  data-testid=&quot;stage-2-add-button&quot;
                  type=&quot;button&quot;
                &gt;
                  &lt;span
                    class=&quot;bp3-button-text&quot;
                  &gt;
                    Add Task
                  &lt;/span&gt;
                &lt;/button&gt;
              &lt;/div&gt;
            &lt;/div&gt;
          &lt;/div&gt;
        &lt;/div&gt;
        &lt;div
          class=&quot;bp3-card bp3-elevation-0&quot;
        &gt;
          &lt;div
            data-testid=&quot;task-stage-3&quot;
          &gt;
            &lt;div
              class=&quot;bp3-collapse&quot;
            &gt;
              &lt;div
                aria-hidden=&quot;false&quot;
                class=&quot;bp3-collapse-body&quot;
              /&gt;
            &lt;/div&gt;
            Done
            &lt;div
              class=&quot;bp3-collapse&quot;
            &gt;
              &lt;div
                aria-hidden=&quot;false&quot;
                class=&quot;bp3-collapse-body&quot;
              /&gt;
            &lt;/div&gt;
            &lt;div
              class=&quot;bp3-collapse&quot;
              style=&quot;height: auto; overflow-y: visible;&quot;
            &gt;
              &lt;div
                aria-hidden=&quot;false&quot;
                class=&quot;bp3-collapse-body&quot;
              &gt;
                &lt;button
                  class=&quot;bp3-button&quot;
                  data-testid=&quot;stage-3-add-button&quot;
                  type=&quot;button&quot;
                &gt;
                  &lt;span
                    class=&quot;bp3-button-text&quot;
                  &gt;
                    Add Task
                  &lt;/span&gt;
                &lt;/button&gt;
              &lt;/div&gt;
            &lt;/div&gt;
          &lt;/div&gt;
        &lt;/div&gt;
      &lt;/div&gt;
    &lt;/div&gt;
  &lt;/div&gt;
&lt;/body&gt;
    at getElementError (/projects/challenge/node_modules/@testing-library/dom/dist/query-helpers.js:46:10)
    at args (/projects/challenge/node_modules/@testing-library/dom/dist/query-helpers.js:100:13)
    at args (/projects/challenge/node_modules/@testing-library/dom/dist/query-helpers.js:83:17)
    at renderAppAndAddTasks (/projects/challenge/src/App.test.js:29:29)
    at Object.&lt;anonymous&gt;.test (/projects/challenge/src/App.test.js:127:3)
    at Object.asyncFn (/projects/challenge/node_modules/jest-jasmine2/build/jasmine-async.js:68:30)
    at resolve (/projects/challenge/node_modules/jest-jasmine2/build/queueRunner.js:38:12)
    at new Promise (&lt;anonymous&gt;)
    at mapper (/projects/challenge/node_modules/jest-jasmine2/build/queueRunner.js:31:21)
    at Promise.resolve.then.el (/projects/challenge/node_modules/p-map/index.js:46:16)
    at &lt;anonymous&gt;</failure>
    </testcase>
  </testsuite>
</testsuites>